#
# There is insufficient memory for the Java Runtime Environment to continue.
# Native memory allocation (mmap) failed to map 167772160 bytes for G1 virtual space
# Possible reasons:
#   The system is out of physical RAM or swap space
#   The process is running with CompressedOops enabled, and the Java Heap may be blocking the growth of the native heap
# Possible solutions:
#   Reduce memory load on the system
#   Increase physical memory or swap space
#   Check if swap backing store is full
#   Decrease Java heap size (-Xmx/-Xms)
#   Decrease number of Java threads
#   Decrease Java thread stack sizes (-Xss)
#   Set larger code cache with -XX:ReservedCodeCacheSize=
#   JVM is running with Zero Based Compressed Oops mode in which the Java heap is
#     placed in the first 32GB address space. The Java Heap base address is the
#     maximum limit for the native heap growth. Please use -XX:HeapBaseMinAddress
#     to set the Java Heap base and to place the Java Heap above 32GB virtual address.
# This output file may be truncated or incomplete.
#
#  Out of Memory Error (os_windows.cpp:3600), pid=7672, tid=10788
#
# JRE version:  (21.0.1+12) (build )
# Java VM: Java HotSpot(TM) 64-Bit Server VM (21.0.1+12-LTS-29, mixed mode, sharing, tiered, compressed oops, compressed class ptrs, g1 gc, windows-amd64)
# No core dump will be written. Minidumps are not enabled by default on client versions of Windows
#

---------------  S U M M A R Y ------------

Command Line: -Dfile.encoding=UTF-8 --module-path=C:\Users\genej\OneDrive\Belgeler\NetBeansProjects\Login1\build\classes login1.appo

Host: AMD FX(tm)-6300 Six-Core Processor             , 6 cores, 9G,  Windows 10 , 64 bit Build 19041 (10.0.19041.3636)
Time: Sat Jan  6 20:43:25 2024 Jordan Standard Time elapsed time: 0.036100 seconds (0d 0h 0m 0s)

---------------  T H R E A D  ---------------

Current thread (0x00000217a9047de0):  JavaThread "Unknown thread" [_thread_in_vm, id=10788, stack(0x0000003e06c00000,0x0000003e06d00000) (1024K)]

Stack: [0x0000003e06c00000,0x0000003e06d00000]
Native frames: (J=compiled Java code, j=interpreted, Vv=VM code, C=native code)
V  [jvm.dll+0x6c9029]
V  [jvm.dll+0x854b81]
V  [jvm.dll+0x856e5e]
V  [jvm.dll+0x857543]
V  [jvm.dll+0x280c06]
V  [jvm.dll+0x6c5715]
V  [jvm.dll+0x6ba10a]
V  [jvm.dll+0x3557ea]
V  [jvm.dll+0x35d436]
V  [jvm.dll+0x3ae1be]
V  [jvm.dll+0x3ae468]
V  [jvm.dll+0x3291fc]
V  [jvm.dll+0x329d8b]
V  [jvm.dll+0x81d179]
V  [jvm.dll+0x3bb4f1]
V  [jvm.dll+0x805ae8]
V  [jvm.dll+0x44effe]
V  [jvm.dll+0x450901]
C  [jli.dll+0x52a3]
C  [ucrtbase.dll+0x21bb2]
C  [KERNEL32.DLL+0x17344]
C  [ntdll.dll+0x526b1]


---------------  P R O C E S S  ---------------

Threads class SMR info:
_java_thread_list=0x00007ffc39a39b88, length=0, elements={
}

Java Threads: ( => current thread )
Total: 0

Other Threads:
  0x00000217ab29cb80 WorkerThread "GC Thread#0"                     [id=9068, stack(0x0000003e06d00000,0x0000003e06e00000) (1024K)]
  0x00000217ab2a8a40 ConcurrentGCThread "G1 Main Marker"            [id=12716, stack(0x0000003e06e00000,0x0000003e06f00000) (1024K)]
  0x00000217ab2aa610 WorkerThread "G1 Conc#0"                       [id=9668, stack(0x0000003e06f00000,0x0000003e07000000) (1024K)]

[error occurred during error reporting (printing all threads), id 0xc0000005, EXCEPTION_ACCESS_VIOLATION (0xc0000005) at pc=0x00007ffc391ac2c7]
VM state: not at safepoint (not fully initialized)

VM Mutex/Monitor currently owned by a thread:  ([mutex/lock_event])
[0x00007ffc39aaa6f8] Heap_lock - owner thread: 0x00000217a9047de0

Heap address: 0x0000000760400000, size: 2556 MB, Compressed Oops mode: Zero based, Oop shift amount: 3

CDS archive(s) mapped at: [0x0000000000000000-0x0000000000000000-0x0000000000000000), size 0, SharedBaseAddress: 0x0000000800000000, ArchiveRelocationMode: 1.
Narrow klass base: 0x0000000000000000, Narrow klass shift: 0, Narrow klass range: 0x0

GC Precious Log:
 CardTable entry size: 512
 Card Set container configuration: InlinePtr #cards 4 size 8 Array Of Cards #cards 16 size 48 Howl #buckets 8 coarsen threshold 3686 Howl Bitmap #cards 512 size 80 coarsen threshold 460 Card regions per heap region 1 cards per card region 4096

Heap:
 garbage-first heap   total 0K, used 0K [0x0000000760400000, 0x0000000800000000)
  region size 2048K, 0 young (0K), 0 survivors (0K)

[error occurred during error reporting (printing heap information), id 0xc0000005, EXCEPTION_ACCESS_VIOLATION (0xc0000005) at pc=0x00007ffc39591be9]
GC Heap History (0 events):
No events

Dll operation events (1 events):
Event: 0.029 Loaded shared library C:\Program Files\Java\jdk-21\bin\java.dll

Deoptimization events (0 events):
No events

Classes loaded (0 events):
No events

Classes unloaded (0 events):
No events

Classes redefined (0 events):
No events

Internal exceptions (0 events):
No events

ZGC Phase Switch (0 events):
No events

VM Operations (0 events):
No events

Events (0 events):
No events


Dynamic libraries:
0x00007ff6f78d0000 - 0x00007ff6f78e0000 	C:\Program Files\Java\jdk-21\bin\java.exe
0x00007ffcb8970000 - 0x00007ffcb8b68000 	C:\Windows\SYSTEM32\ntdll.dll
0x00007ffcb85e0000 - 0x00007ffcb869d000 	C:\Windows\System32\KERNEL32.DLL
0x00007ffcb6050000 - 0x00007ffcb6346000 	C:\Windows\System32\KERNELBASE.dll
0x00007ffcb6440000 - 0x00007ffcb6540000 	C:\Windows\System32\ucrtbase.dll
0x00007ffca6f10000 - 0x00007ffca6f2b000 	C:\Program Files\Java\jdk-21\bin\VCRUNTIME140.dll
0x00007ffca28a0000 - 0x00007ffca28b9000 	C:\Program Files\Java\jdk-21\bin\jli.dll
0x00007ffcb72d0000 - 0x00007ffcb737f000 	C:\Windows\System32\ADVAPI32.dll
0x00007ffcb8890000 - 0x00007ffcb892e000 	C:\Windows\System32\msvcrt.dll
0x00007ffcb6b50000 - 0x00007ffcb6bec000 	C:\Windows\System32\sechost.dll
0x00007ffcb8760000 - 0x00007ffcb8886000 	C:\Windows\System32\RPCRT4.dll
0x00007ffcb6f50000 - 0x00007ffcb70ee000 	C:\Windows\System32\USER32.dll
0x00007ffcb6350000 - 0x00007ffcb6372000 	C:\Windows\System32\win32u.dll
0x00007ffca6940000 - 0x00007ffca6bda000 	C:\Windows\WinSxS\amd64_microsoft.windows.common-controls_6595b64144ccf1df_6.0.19041.3636_none_60b6a03d71f818d5\COMCTL32.dll
0x00007ffcb72a0000 - 0x00007ffcb72cc000 	C:\Windows\System32\GDI32.dll
0x00007ffcb6800000 - 0x00007ffcb691a000 	C:\Windows\System32\gdi32full.dll
0x00007ffcb6760000 - 0x00007ffcb67fd000 	C:\Windows\System32\msvcp_win.dll
0x00007ffcad830000 - 0x00007ffcad83a000 	C:\Windows\SYSTEM32\VERSION.dll
0x00007ffcb7850000 - 0x00007ffcb7880000 	C:\Windows\System32\IMM32.DLL
0x00007ffcaf9d0000 - 0x00007ffcaf9dc000 	C:\Program Files\Java\jdk-21\bin\vcruntime140_1.dll
0x00007ffc95cc0000 - 0x00007ffc95d4e000 	C:\Program Files\Java\jdk-21\bin\msvcp140.dll
0x00007ffc38e70000 - 0x00007ffc39b85000 	C:\Program Files\Java\jdk-21\bin\server\jvm.dll
0x00007ffcb6a40000 - 0x00007ffcb6aab000 	C:\Windows\System32\WS2_32.dll
0x00007ffcb55b0000 - 0x00007ffcb55fb000 	C:\Windows\SYSTEM32\POWRPROF.dll
0x00007ffcad800000 - 0x00007ffcad827000 	C:\Windows\SYSTEM32\WINMM.dll
0x00007ffcb5470000 - 0x00007ffcb5482000 	C:\Windows\SYSTEM32\UMPDC.dll
0x00007ffcb3f30000 - 0x00007ffcb3f42000 	C:\Windows\SYSTEM32\kernel.appcore.dll
0x00007ffcab260000 - 0x00007ffcab26a000 	C:\Program Files\Java\jdk-21\bin\jimage.dll
0x00007ffcada00000 - 0x00007ffcadbe4000 	C:\Windows\SYSTEM32\DBGHELP.DLL
0x00007ffca5560000 - 0x00007ffca5594000 	C:\Windows\SYSTEM32\dbgcore.DLL
0x00007ffcb63b0000 - 0x00007ffcb6432000 	C:\Windows\System32\bcryptPrimitives.dll
0x00007ffca6cf0000 - 0x00007ffca6d0f000 	C:\Program Files\Java\jdk-21\bin\java.dll

dbghelp: loaded successfully - version: 4.0.5 - missing functions: none
symbol engine: initialized successfully - sym options: 0x614 - pdb path: .;C:\Program Files\Java\jdk-21\bin;C:\Windows\SYSTEM32;C:\Windows\WinSxS\amd64_microsoft.windows.common-controls_6595b64144ccf1df_6.0.19041.3636_none_60b6a03d71f818d5;C:\Program Files\Java\jdk-21\bin\server

VM Arguments:
jvm_args: -Dfile.encoding=UTF-8 --module-path=C:\Users\genej\OneDrive\Belgeler\NetBeansProjects\Login1\build\classes 
java_command: login1.appo
java_class_path (initial): C:\Users\genej\Downloads\mysql-connector-java-8.0.28.jar;C:\Users\genej\OneDrive\Belgeler\NetBeansProjects\Login1\build\classes
Launcher Type: SUN_STANDARD

[Global flags]
     intx CICompilerCount                          = 3                                         {product} {ergonomic}
     uint ConcGCThreads                            = 2                                         {product} {ergonomic}
     uint G1ConcRefinementThreads                  = 6                                         {product} {ergonomic}
   size_t G1HeapRegionSize                         = 2097152                                   {product} {ergonomic}
    uintx GCDrainStackTargetSize                   = 64                                        {product} {ergonomic}
   size_t InitialHeapSize                          = 167772160                                 {product} {ergonomic}
   size_t MarkStackSize                            = 4194304                                   {product} {ergonomic}
   size_t MaxHeapSize                              = 2680160256                                {product} {ergonomic}
   size_t MinHeapDeltaBytes                        = 2097152                                   {product} {ergonomic}
   size_t MinHeapSize                              = 8388608                                   {product} {ergonomic}
    uintx NonNMethodCodeHeapSize                   = 5832780                                {pd product} {ergonomic}
    uintx NonProfiledCodeHeapSize                  = 122912730                              {pd product} {ergonomic}
    uintx ProfiledCodeHeapSize                     = 122912730                              {pd product} {ergonomic}
    uintx ReservedCodeCacheSize                    = 251658240                              {pd product} {ergonomic}
     bool SegmentedCodeCache                       = true                                      {product} {ergonomic}
   size_t SoftMaxHeapSize                          = 2680160256                             {manageable} {ergonomic}
     bool UseCompressedOops                        = true                           {product lp64_product} {ergonomic}
     bool UseG1GC                                  = true                                      {product} {ergonomic}
     bool UseLargePagesIndividualAllocation        = false                                  {pd product} {ergonomic}

Logging:
Log output configuration:
 #0: stdout all=warning uptime,level,tags foldmultilines=false
 #1: stderr all=off uptime,level,tags foldmultilines=false

Environment Variables:
PATH=C:\Program Files\Common Files\Oracle\Java\javapath;C:\Windows\system32;C:\Windows;C:\Windows\System32\Wbem;C:\Windows\System32\WindowsPowerShell\v1.0\;C:\Windows\System32\OpenSSH\;C:\Program Files\Microsoft SQL Server\150\Tools\Binn\;C:\Program Files\Microsoft SQL Server\Client SDK\ODBC\170\Tools\Binn\;C:\Program Files\dotnet\;C:\Program Files (x86)\Windows Kits\10\Windows Performance Toolkit\;C:\Users\genej\AppData\Local\Microsoft\WindowsApps;C:\Users\genej\.dotnet\tools
USERNAME=genej
OS=Windows_NT
PROCESSOR_IDENTIFIER=AMD64 Family 21 Model 2 Stepping 0, AuthenticAMD
TMP=C:\Users\genej\AppData\Local\Temp
TEMP=C:\Users\genej\AppData\Local\Temp




Periodic native trim disabled

---------------  S Y S T E M  ---------------

OS:
 Windows 10 , 64 bit Build 19041 (10.0.19041.3636)
OS uptime: 7 days 21:39 hours

CPU: total 6 (initial active 6) (6 cores per cpu, 1 threads per core) family 21 model 2 stepping 0 microcode 0x0, cx8, cmov, fxsr, mmx, 3dnowpref, sse, sse2, sse3, ssse3, sse4a, sse4.1, sse4.2, popcnt, lzcnt, tsc, tscinvbit, avx, aes, clmul, bmi1, fma, vzeroupper, clflush, rdtscp, f16c
Processor Information for all 6 processors :
  Max Mhz: 3500, Current Mhz: 3500, Mhz Limit: 3500

Memory: 4k page, system-wide physical 10223M (4474M free)
TotalPageFile size 14319M (AvailPageFile size 81M)
current process WorkingSet (physical memory assigned to process): 10M, peak: 10M
current process commit charge ("private bytes"): 56M, peak: 215M

vm_info: Java HotSpot(TM) 64-Bit Server VM (21.0.1+12-LTS-29) for windows-amd64 JRE (21.0.1+12-LTS-29), built on 2023-10-05T13:27:09Z by "mach5one" with MS VC++ 17.1 (VS2022)

END.
